PRT1
157
636
4 0 2 (12288 0 -5120 ) (12288 0 3072 ) (12288 2048 3072 ) (12288 2048 -5120 ) 
4 0 1 (15360 0 -5120 ) (15360 0 3072 ) (12288 0 3072 ) (12288 0 -5120 ) 
4 1 5 (12288 -3072 -5120 ) (12288 -3072 3072 ) (12288 0 3072 ) (12288 0 -5120 ) 
4 2 5 (12288 0 -5120 ) (12288 0 3072 ) (8192 0 3072 ) (8192 0 -5120 ) 
4 2 3 (8192 0 -5120 ) (8192 0 3072 ) (8192 2048 3072 ) (8192 2048 -5120 ) 
4 3 19 (4104 0 2176 ) (4096 0 2176 ) (4096 0 -5120 ) (4104 0 -5120 ) 
4 3 14 (4928 0 2176 ) (4352 0 2176 ) (4352 0 -5120 ) (4928 0 -5120 ) 
4 3 13 (8192 0 -5120 ) (8192 0 2176 ) (4928 0 2176 ) (4928 0 -5120 ) 
4 3 18 (4352 0 2176 ) (4104 0 2176 ) (4104 0 -5120 ) (4352 0 -5120 ) 
4 3 11 (4104 0 2304 ) (4096 0 2304 ) (4096 0 2176 ) (4104 0 2176 ) 
4 3 10 (8192 0 2176 ) (8192 0 2304 ) (4104 0 2304 ) (4104 0 2176 ) 
4 3 8 (4104 0 2312 ) (4096 0 2312 ) (4096 0 2304 ) (4104 0 2304 ) 
4 3 7 (8192 0 2304 ) (8192 0 2312 ) (4104 0 2312 ) (4104 0 2304 ) 
4 3 6 (8192 0 2312 ) (8192 0 3072 ) (4096 0 3072 ) (4096 0 2312 ) 
4 3 4 (4096 0 -5120 ) (4096 0 3072 ) (4096 2048 3072 ) (4096 2048 -5120 ) 
4 4 147 (0 0 -5120 ) (0 0 3072 ) (0 2048 3072 ) (0 2048 -5120 ) 
4 4 146 (0 0 64 ) (0 0 -5120 ) (4096 0 -5120 ) (4096 0 64 ) 
4 4 137 (640 0 64 ) (1216 0 64 ) (1216 0 72 ) (640 0 72 ) 
4 4 136 (1216 0 64 ) (1856 0 64 ) (1856 0 72 ) (1216 0 72 ) 
4 4 139 (0 0 72 ) (0 0 64 ) (640 0 64 ) (640 0 72 ) 
4 4 135 (1856 0 64 ) (1860 0 64 ) (1860 0 72 ) (1856 0 72 ) 
4 4 133 (1860 0 64 ) (2172 0 64 ) (2172 0 72 ) (1860 0 72 ) 
4 4 132 (2172 0 64 ) (2176 0 64 ) (2176 0 72 ) (2172 0 72 ) 
4 4 130 (2176 0 64 ) (2752 0 64 ) (2752 0 72 ) (2176 0 72 ) 
4 4 129 (2752 0 64 ) (2756 0 64 ) (2756 0 72 ) (2752 0 72 ) 
4 4 124 (2756 0 64 ) (3068 0 64 ) (3068 0 72 ) (2756 0 72 ) 
4 4 123 (3068 0 64 ) (3072 0 64 ) (3072 0 72 ) (3068 0 72 ) 
4 4 121 (3072 0 64 ) (4096 0 64 ) (4096 0 72 ) (3072 0 72 ) 
4 4 83 (640 0 72 ) (1216 0 72 ) (1216 0 120 ) (640 0 120 ) 
4 4 82 (1216 0 72 ) (1280 0 72 ) (1280 0 120 ) (1216 0 120 ) 
4 4 84 (0 0 120 ) (0 0 72 ) (640 0 72 ) (640 0 120 ) 
4 4 80 (1280 0 72 ) (1856 0 72 ) (1856 0 120 ) (1280 0 120 ) 
4 4 79 (1856 0 72 ) (4096 0 72 ) (4096 0 120 ) (1856 0 120 ) 
4 4 45 (640 0 120 ) (1216 0 120 ) (1216 0 136 ) (640 0 136 ) 
4 4 46 (0 0 136 ) (0 0 120 ) (640 0 120 ) (640 0 136 ) 
4 4 44 (0 0 328 ) (0 0 136 ) (1216 0 136 ) (1216 0 328 ) 
4 4 37 (1280 0 120 ) (1856 0 120 ) (1856 0 328 ) (1280 0 328 ) 
4 4 36 (1856 0 120 ) (4096 0 120 ) (4096 0 328 ) (1856 0 328 ) 
4 4 40 (1216 0 120 ) (1280 0 120 ) (1280 0 328 ) (1216 0 328 ) 
4 4 32 (3960 0 328 ) (4096 0 328 ) (4096 0 2176 ) (3960 0 2176 ) 
4 4 35 (0 0 2176 ) (0 0 328 ) (3960 0 328 ) (3960 0 2176 ) 
4 4 29 (3960 0 2176 ) (3968 0 2176 ) (3968 0 2304 ) (3960 0 2304 ) 
4 4 30 (0 0 2304 ) (0 0 2176 ) (3960 0 2176 ) (3960 0 2304 ) 
4 4 26 (3968 0 2176 ) (4096 0 2176 ) (4096 0 2304 ) (3968 0 2304 ) 
4 4 22 (3960 0 2304 ) (4096 0 2304 ) (4096 0 3072 ) (3960 0 3072 ) 
4 4 25 (0 0 3072 ) (0 0 2304 ) (3960 0 2304 ) (3960 0 3072 ) 
4 5 13 (8192 0 2176 ) (8192 0 -5120 ) (8192 -3072 -5120 ) (8192 -3072 2176 ) 
4 5 10 (8192 0 2304 ) (8192 0 2176 ) (8192 -3072 2176 ) (8192 -3072 2304 ) 
4 5 7 (8192 0 2312 ) (8192 0 2304 ) (8192 -3072 2304 ) (8192 -3072 2312 ) 
4 5 6 (8192 0 3072 ) (8192 0 2312 ) (8192 -3072 2312 ) (8192 -3072 3072 ) 
4 6 23 (4096 -440 2312 ) (4096 -584 2312 ) (4096 -584 3072 ) (4096 -440 3072 ) 
4 6 22 (4096 0 3072 ) (4096 0 2312 ) (4096 -440 2312 ) (4096 -440 3072 ) 
4 6 24 (4096 -584 2312 ) (4096 -3072 2312 ) (4096 -3072 3072 ) (4096 -584 3072 ) 
4 6 8 (4096 -440 2312 ) (4096 0 2312 ) (4104 0 2312 ) (4104 -440 2312 ) 
4 6 9 (4104 -3072 2312 ) (4096 -3072 2312 ) (4096 -584 2312 ) (4104 -584 2312 ) 
4 6 7 (8192 -3072 2312 ) (4104 -3072 2312 ) (4104 0 2312 ) (8192 0 2312 ) 
4 7 10 (8192 -3072 2304 ) (4104 -3072 2304 ) (4104 0 2304 ) (8192 0 2304 ) 
4 7 8 (4104 0 2304 ) (4104 -440 2304 ) (4104 -440 2312 ) (4104 0 2312 ) 
4 7 9 (4104 -584 2304 ) (4104 -3072 2304 ) (4104 -3072 2312 ) (4104 -584 2312 ) 
4 8 22 (4096 0 2312 ) (4096 0 2304 ) (4096 -440 2304 ) (4096 -440 2312 ) 
4 8 11 (4096 -440 2304 ) (4096 0 2304 ) (4104 0 2304 ) (4104 -440 2304 ) 
4 9 24 (4096 -584 2304 ) (4096 -3072 2304 ) (4096 -3072 2312 ) (4096 -584 2312 ) 
4 9 12 (4104 -3072 2304 ) (4096 -3072 2304 ) (4096 -584 2304 ) (4104 -584 2304 ) 
4 10 15 (4352 -320 2176 ) (4352 -64 2176 ) (4928 -64 2176 ) (4928 -320 2176 ) 
4 10 14 (4352 -64 2176 ) (4352 0 2176 ) (4928 0 2176 ) (4928 -64 2176 ) 
4 10 17 (4928 -3072 2176 ) (4352 -3072 2176 ) (4352 -320 2176 ) (4928 -320 2176 ) 
4 10 13 (8192 -3072 2176 ) (4928 -3072 2176 ) (4928 0 2176 ) (8192 0 2176 ) 
4 10 18 (4352 -3072 2176 ) (4104 -3072 2176 ) (4104 0 2176 ) (4352 0 2176 ) 
4 10 11 (4104 0 2176 ) (4104 -440 2176 ) (4104 -440 2304 ) (4104 0 2304 ) 
4 10 12 (4104 -584 2176 ) (4104 -3072 2176 ) (4104 -3072 2304 ) (4104 -584 2304 ) 
4 11 26 (4096 0 2304 ) (4096 0 2176 ) (4096 -440 2176 ) (4096 -440 2304 ) 
4 11 19 (4096 -440 2176 ) (4096 0 2176 ) (4104 0 2176 ) (4104 -440 2176 ) 
4 12 28 (4096 -584 2176 ) (4096 -3072 2176 ) (4096 -3072 2304 ) (4096 -584 2304 ) 
4 12 21 (4104 -3072 2176 ) (4096 -3072 2176 ) (4096 -584 2176 ) (4104 -584 2176 ) 
4 13 15 (4928 -320 72 ) (4928 -320 2176 ) (4928 -64 2176 ) (4928 -64 72 ) 
4 13 16 (4928 -64 -5120 ) (4928 -320 -5120 ) (4928 -320 64 ) (4928 -64 64 ) 
4 13 14 (4928 0 -5120 ) (4928 -64 -5120 ) (4928 -64 2176 ) (4928 0 2176 ) 
4 13 17 (4928 -320 -5120 ) (4928 -3072 -5120 ) (4928 -3072 2176 ) (4928 -320 2176 ) 
4 14 15 (4352 -64 2176 ) (4352 -64 72 ) (4928 -64 72 ) (4928 -64 2176 ) 
4 14 16 (4352 -64 64 ) (4352 -64 -5120 ) (4928 -64 -5120 ) (4928 -64 64 ) 
4 14 18 (4352 0 -5120 ) (4352 -64 -5120 ) (4352 -64 2176 ) (4352 0 2176 ) 
4 15 17 (4352 -320 2176 ) (4352 -320 72 ) (4928 -320 72 ) (4928 -320 2176 ) 
4 15 18 (4352 -320 72 ) (4352 -320 2176 ) (4352 -64 2176 ) (4352 -64 72 ) 
4 16 18 (4352 -64 -5120 ) (4352 -320 -5120 ) (4352 -320 64 ) (4352 -64 64 ) 
4 16 17 (4352 -320 64 ) (4352 -320 -5120 ) (4928 -320 -5120 ) (4928 -320 64 ) 
4 17 18 (4352 -320 -5120 ) (4352 -3072 -5120 ) (4352 -3072 2176 ) (4352 -320 2176 ) 
4 18 20 (4104 -440 -5120 ) (4104 -584 -5120 ) (4104 -584 2168 ) (4104 -440 2168 ) 
4 18 19 (4104 0 -5120 ) (4104 -440 -5120 ) (4104 -440 2176 ) (4104 0 2176 ) 
4 18 21 (4104 -584 -5120 ) (4104 -3072 -5120 ) (4104 -3072 2176 ) (4104 -584 2176 ) 
4 19 146 (4096 0 64 ) (4096 0 -5120 ) (4096 -440 -5120 ) (4096 -440 64 ) 
4 19 121 (4096 0 72 ) (4096 0 64 ) (4096 -440 64 ) (4096 -440 72 ) 
4 19 99 (4096 -324 72 ) (4096 -440 72 ) (4096 -440 74 ) (4096 -324 74 ) 
4 19 94 (4096 -440 74 ) (4096 -440 120 ) (4096 -324 120 ) (4096 -324 74 ) 
4 19 91 (4096 -322 72 ) (4096 -324 72 ) (4096 -324 120 ) (4096 -322 120 ) 
4 19 88 (4096 -280 72 ) (4096 -322 72 ) (4096 -322 120 ) (4096 -280 120 ) 
4 19 85 (4096 -104 72 ) (4096 -280 72 ) (4096 -280 120 ) (4096 -104 120 ) 
4 19 79 (4096 0 120 ) (4096 0 72 ) (4096 -104 72 ) (4096 -104 120 ) 
4 19 51 (4096 -324 120 ) (4096 -440 120 ) (4096 -440 328 ) (4096 -324 328 ) 
4 19 41 (4096 -322 120 ) (4096 -324 120 ) (4096 -324 328 ) (4096 -322 328 ) 
4 19 36 (4096 0 328 ) (4096 0 120 ) (4096 -322 120 ) (4096 -322 328 ) 
4 19 32 (4096 0 2176 ) (4096 0 328 ) (4096 -440 328 ) (4096 -440 2176 ) 
4 19 20 (4096 -440 -5120 ) (4104 -440 -5120 ) (4104 -440 2168 ) (4096 -440 2168 ) 
4 20 146 (4096 -440 -5120 ) (4096 -584 -5120 ) (4096 -584 64 ) (4096 -440 64 ) 
4 20 121 (4096 -584 64 ) (4096 -584 72 ) (4096 -440 72 ) (4096 -440 64 ) 
4 20 114 (4096 -584 72 ) (4096 -584 74 ) (4096 -580 74 ) (4096 -580 72 ) 
4 20 109 (4096 -584 74 ) (4096 -584 120 ) (4096 -580 120 ) (4096 -580 74 ) 
4 20 106 (4096 -580 120 ) (4096 -578 120 ) (4096 -578 72 ) (4096 -580 72 ) 
4 20 102 (4096 -446 120 ) (4096 -444 120 ) (4096 -444 72 ) (4096 -446 72 ) 
4 20 105 (4096 -578 120 ) (4096 -446 120 ) (4096 -446 72 ) (4096 -578 72 ) 
4 20 99 (4096 -440 74 ) (4096 -440 72 ) (4096 -444 72 ) (4096 -444 74 ) 
4 20 94 (4096 -444 120 ) (4096 -440 120 ) (4096 -440 74 ) (4096 -444 74 ) 
4 20 65 (4096 -584 120 ) (4096 -584 328 ) (4096 -580 328 ) (4096 -580 120 ) 
4 20 62 (4096 -580 328 ) (4096 -578 328 ) (4096 -578 120 ) (4096 -580 120 ) 
4 20 58 (4096 -446 328 ) (4096 -444 328 ) (4096 -444 120 ) (4096 -446 120 ) 
4 20 61 (4096 -578 328 ) (4096 -446 328 ) (4096 -446 120 ) (4096 -578 120 ) 
4 20 51 (4096 -444 328 ) (4096 -440 328 ) (4096 -440 120 ) (4096 -444 120 ) 
4 20 33 (4096 -584 328 ) (4096 -584 2168 ) (4096 -440 2168 ) (4096 -440 328 ) 
4 20 21 (4096 -584 -5120 ) (4104 -584 -5120 ) (4104 -584 2168 ) (4096 -584 2168 ) 
4 21 146 (4096 -584 -5120 ) (4096 -3072 -5120 ) (4096 -3072 64 ) (4096 -584 64 ) 
4 21 141 (4096 -864 72 ) (4096 -800 72 ) (4096 -792 64 ) (4096 -872 64 ) 
4 21 140 (4096 -3072 64 ) (4096 -3072 72 ) (4096 -864 72 ) (4096 -872 64 ) 
4 21 121 (4096 -800 72 ) (4096 -584 72 ) (4096 -584 64 ) (4096 -792 64 ) 
4 21 120 (4096 -3072 72 ) (4096 -3072 120 ) (4096 -702 120 ) (4096 -702 72 ) 
4 21 117 (4096 -702 120 ) (4096 -700 120 ) (4096 -700 72 ) (4096 -702 72 ) 
4 21 114 (4096 -584 74 ) (4096 -584 72 ) (4096 -700 72 ) (4096 -700 74 ) 
4 21 109 (4096 -700 120 ) (4096 -584 120 ) (4096 -584 74 ) (4096 -700 74 ) 
4 21 78 (4096 -3072 120 ) (4096 -3072 328 ) (4096 -702 328 ) (4096 -702 120 ) 
4 21 75 (4096 -702 328 ) (4096 -700 328 ) (4096 -700 120 ) (4096 -702 120 ) 
4 21 65 (4096 -700 328 ) (4096 -584 328 ) (4096 -584 120 ) (4096 -700 120 ) 
4 21 34 (4096 -3072 328 ) (4096 -3072 2176 ) (4096 -584 2176 ) (4096 -584 328 ) 
4 22 29 (3968 -440 2304 ) (3960 -440 2304 ) (3960 0 2304 ) (3968 0 2304 ) 
4 22 26 (4096 0 2304 ) (4096 -440 2304 ) (3968 -440 2304 ) (3968 0 2304 ) 
4 22 23 (3960 -440 3072 ) (3960 -440 2312 ) (4096 -440 2312 ) (4096 -440 3072 ) 
4 22 25 (3960 0 2304 ) (3960 -440 2304 ) (3960 -440 3072 ) (3960 0 3072 ) 
4 23 25 (3960 -584 2312 ) (3960 -584 3072 ) (3960 -440 3072 ) (3960 -440 2312 ) 
4 23 24 (3960 -584 3072 ) (3960 -584 2312 ) (4096 -584 2312 ) (4096 -584 3072 ) 
4 24 31 (3968 -3072 2304 ) (3960 -3072 2304 ) (3960 -584 2304 ) (3968 -584 2304 ) 
4 24 28 (4096 -584 2304 ) (4096 -3072 2304 ) (3968 -3072 2304 ) (3968 -584 2304 ) 
4 24 25 (3960 -584 2304 ) (3960 -3072 2304 ) (3960 -3072 3072 ) (3960 -584 3072 ) 
4 25 150 (0 0 3072 ) (0 0 2304 ) (0 -3072 2304 ) (0 -3072 3072 ) 
4 25 31 (3960 -3072 2304 ) (0 -3072 2304 ) (0 -584 2304 ) (3960 -584 2304 ) 
4 25 30 (0 -584 2304 ) (0 0 2304 ) (3960 0 2304 ) (3960 -584 2304 ) 
4 26 32 (3968 -440 2176 ) (3968 0 2176 ) (4096 0 2176 ) (4096 -440 2176 ) 
4 26 29 (3968 0 2176 ) (3968 -440 2176 ) (3968 -440 2304 ) (3968 0 2304 ) 
4 28 34 (3968 -3072 2176 ) (3968 -584 2176 ) (4096 -584 2176 ) (4096 -3072 2176 ) 
4 28 31 (3968 -584 2176 ) (3968 -3072 2176 ) (3968 -3072 2304 ) (3968 -584 2304 ) 
4 29 32 (3960 0 2176 ) (3968 0 2176 ) (3968 -440 2176 ) (3960 -440 2176 ) 
4 29 30 (3960 0 2176 ) (3960 -440 2176 ) (3960 -440 2304 ) (3960 0 2304 ) 
4 30 150 (0 -584 2304 ) (0 0 2304 ) (0 0 2176 ) (0 -584 2176 ) 
4 30 35 (0 -584 2176 ) (0 0 2176 ) (3960 0 2176 ) (3960 -584 2176 ) 
4 30 31 (0 -584 2176 ) (3960 -584 2176 ) (3960 -584 2304 ) (0 -584 2304 ) 
4 31 150 (0 -3072 2304 ) (0 -584 2304 ) (0 -584 2176 ) (0 -3072 2176 ) 
4 31 34 (3960 -584 2176 ) (3968 -584 2176 ) (3968 -3072 2176 ) (3960 -3072 2176 ) 
4 31 35 (0 -3072 2176 ) (0 -584 2176 ) (3960 -584 2176 ) (3960 -3072 2176 ) 
4 32 51 (4096 -324 328 ) (4096 -440 328 ) (3960 -440 328 ) (3960 -324 328 ) 
4 32 41 (4096 -322 328 ) (4096 -324 328 ) (3960 -324 328 ) (3960 -322 328 ) 
4 32 36 (3960 0 328 ) (4096 0 328 ) (4096 -322 328 ) (3960 -322 328 ) 
4 32 33 (3960 -440 2168 ) (3960 -440 328 ) (4096 -440 328 ) (4096 -440 2168 ) 
4 32 35 (3960 0 328 ) (3960 -440 328 ) (3960 -440 2176 ) (3960 0 2176 ) 
4 33 65 (4096 -580 328 ) (4096 -584 328 ) (3960 -584 328 ) (3960 -580 328 ) 
4 33 62 (4096 -578 328 ) (4096 -580 328 ) (3960 -580 328 ) (3960 -578 328 ) 
4 33 58 (4096 -444 328 ) (4096 -446 328 ) (3960 -446 328 ) (3960 -444 328 ) 
4 33 61 (4096 -446 328 ) (4096 -578 328 ) (3960 -578 328 ) (3960 -446 328 ) 
4 33 51 (4096 -440 328 ) (4096 -444 328 ) (3960 -444 328 ) (3960 -440 328 ) 
4 33 35 (3960 -440 328 ) (3960 -584 328 ) (3960 -584 2168 ) (3960 -440 2168 ) 
4 33 34 (3960 -584 2168 ) (3960 -584 328 ) (4096 -584 328 ) (4096 -584 2168 ) 
4 34 78 (4096 -702 328 ) (4096 -3072 328 ) (3960 -3072 328 ) (3960 -702 328 ) 
4 34 75 (4096 -700 328 ) (4096 -702 328 ) (3960 -702 328 ) (3960 -700 328 ) 
4 34 65 (4096 -584 328 ) (4096 -700 328 ) (3960 -700 328 ) (3960 -584 328 ) 
4 34 35 (3960 -584 328 ) (3960 -3072 328 ) (3960 -3072 2176 ) (3960 -584 2176 ) 
4 35 150 (0 -3072 2176 ) (0 0 2176 ) (0 0 328 ) (0 -3072 328 ) 
4 35 78 (0 -3072 328 ) (0 -702 328 ) (3960 -702 328 ) (3960 -3072 328 ) 
4 35 77 (0 -702 328 ) (0 -700 328 ) (1963 -700 328 ) (1963 -702 328 ) 
4 35 75 (3157 -700 328 ) (3960 -700 328 ) (3960 -702 328 ) (3157 -702 328 ) 
4 35 76 (1965 -700 328 ) (3155 -700 328 ) (3155 -702 328 ) (1965 -702 328 ) 
4 35 68 (1965 -580 328 ) (3155 -580 328 ) (3155 -700 328 ) (1965 -700 328 ) 
4 35 74 (0 -700 328 ) (0 -580 328 ) (1963 -580 328 ) (1963 -700 328 ) 
4 35 65 (3157 -580 328 ) (3960 -580 328 ) (3960 -700 328 ) (3157 -700 328 ) 
4 35 63 (1965 -578 328 ) (3155 -578 328 ) (3155 -580 328 ) (1965 -580 328 ) 
4 35 64 (0 -580 328 ) (0 -578 328 ) (1963 -578 328 ) (1963 -580 328 ) 
4 35 62 (3157 -578 328 ) (3960 -578 328 ) (3960 -580 328 ) (3157 -580 328 ) 
4 35 60 (0 -446 328 ) (0 -444 328 ) (1867 -444 328 ) (1867 -446 328 ) 
4 35 58 (3061 -444 328 ) (3960 -444 328 ) (3960 -446 328 ) (3061 -446 328 ) 
4 35 59 (1869 -444 328 ) (3059 -444 328 ) (3059 -446 328 ) (1869 -446 328 ) 
4 35 61 (0 -578 328 ) (0 -446 328 ) (3960 -446 328 ) (3960 -578 328 ) 
4 35 57 (0 -444 328 ) (0 -324 328 ) (1867 -324 328 ) (1867 -444 328 ) 
4 35 51 (3061 -324 328 ) (3960 -324 328 ) (3960 -444 328 ) (3061 -444 328 ) 
4 35 54 (1869 -324 328 ) (3059 -324 328 ) (3059 -444 328 ) (1869 -444 328 ) 
4 35 44 (0 -324 328 ) (0 0 328 ) (1216 0 328 ) (1216 -324 328 ) 
4 35 43 (1867 -324 328 ) (1216 -324 328 ) (1216 -322 328 ) (1867 -322 328 ) 
4 35 41 (3960 -322 328 ) (3960 -324 328 ) (3061 -324 328 ) (3061 -322 328 ) 
4 35 42 (3059 -324 328 ) (1869 -324 328 ) (1869 -322 328 ) (3059 -322 328 ) 
4 35 38 (1856 -60 328 ) (1856 -64 328 ) (1280 -64 328 ) (1280 -60 328 ) 
4 35 37 (1280 0 328 ) (1856 0 328 ) (1856 -60 328 ) (1280 -60 328 ) 
4 35 39 (1856 -64 328 ) (1856 -322 328 ) (1280 -322 328 ) (1280 -64 328 ) 
4 35 36 (1856 0 328 ) (3960 0 328 ) (3960 -322 328 ) (1856 -322 328 ) 
4 35 40 (1216 0 328 ) (1280 0 328 ) (1280 -322 328 ) (1216 -322 328 ) 
4 36 88 (4096 -280 120 ) (4096 -322 120 ) (1856 -322 120 ) (1856 -280 120 ) 
4 36 85 (4096 -104 120 ) (4096 -280 120 ) (1856 -280 120 ) (1856 -104 120 ) 
4 36 79 (4096 0 120 ) (4096 -104 120 ) (1856 -104 120 ) (1856 0 120 ) 
4 36 43 (1856 -322 120 ) (1867 -322 120 ) (1867 -322 328 ) (1856 -322 328 ) 
4 36 41 (3061 -322 120 ) (4096 -322 120 ) (4096 -322 328 ) (3061 -322 328 ) 
4 36 42 (1869 -322 120 ) (3059 -322 120 ) (3059 -322 328 ) (1869 -322 328 ) 
4 36 38 (1856 -64 184 ) (1856 -64 328 ) (1856 -60 328 ) (1856 -60 184 ) 
4 36 37 (1856 0 120 ) (1856 -60 120 ) (1856 -60 328 ) (1856 0 328 ) 
4 36 39 (1856 -64 120 ) (1856 -322 120 ) (1856 -322 328 ) (1856 -64 328 ) 
4 37 80 (1280 -60 120 ) (1280 0 120 ) (1856 0 120 ) (1856 -60 120 ) 
4 37 38 (1280 -60 328 ) (1280 -60 184 ) (1856 -60 184 ) (1856 -60 328 ) 
4 37 40 (1280 0 120 ) (1280 -60 120 ) (1280 -60 328 ) (1280 0 328 ) 
4 38 40 (1280 -64 184 ) (1280 -64 328 ) (1280 -60 328 ) (1280 -60 184 ) 
4 38 39 (1280 -64 328 ) (1280 -64 184 ) (1856 -64 184 ) (1856 -64 328 ) 
4 39 88 (1856 -322 120 ) (1280 -322 120 ) (1280 -280 120 ) (1856 -280 120 ) 
4 39 85 (1280 -280 120 ) (1280 -104 120 ) (1856 -104 120 ) (1856 -280 120 ) 
4 39 81 (1280 -104 120 ) (1280 -64 120 ) (1856 -64 120 ) (1856 -104 120 ) 
4 39 43 (1280 -322 120 ) (1856 -322 120 ) (1856 -322 328 ) (1280 -322 328 ) 
4 39 40 (1280 -64 120 ) (1280 -322 120 ) (1280 -322 328 ) (1280 -64 328 ) 
4 40 88 (1280 -322 120 ) (1216 -322 120 ) (1216 -280 120 ) (1280 -280 120 ) 
4 40 85 (1216 -280 120 ) (1216 -104 120 ) (1280 -104 120 ) (1280 -280 120 ) 
4 40 82 (1216 -104 120 ) (1216 0 120 ) (1280 0 120 ) (1280 -104 120 ) 
4 40 49 (1216 -288 120 ) (1216 -322 120 ) (1216 -322 136 ) (1216 -288 136 ) 
4 40 45 (1216 0 120 ) (1216 -96 120 ) (1216 -96 136 ) (1216 0 136 ) 
4 40 44 (1216 -322 136 ) (1216 -322 328 ) (1216 0 328 ) (1216 0 136 ) 
4 40 43 (1216 -322 328 ) (1216 -322 120 ) (1280 -322 120 ) (1280 -322 328 ) 
4 41 91 (4096 -322 120 ) (4096 -324 120 ) (3061 -324 120 ) (3061 -322 120 ) 
4 41 51 (3061 -324 120 ) (4096 -324 120 ) (4096 -324 328 ) (3061 -324 328 ) 
4 42 92 (3059 -324 120 ) (1869 -324 120 ) (1869 -322 120 ) (3059 -322 120 ) 
4 42 54 (1869 -324 120 ) (3059 -324 120 ) (3059 -324 328 ) (1869 -324 328 ) 
4 43 93 (1867 -324 120 ) (1216 -324 120 ) (1216 -322 120 ) (1867 -322 120 ) 
4 43 57 (1216 -324 120 ) (1867 -324 120 ) (1867 -324 328 ) (1216 -324 328 ) 
4 43 49 (1216 -322 120 ) (1216 -324 120 ) (1216 -324 136 ) (1216 -322 136 ) 
4 43 44 (1216 -324 136 ) (1216 -324 328 ) (1216 -322 328 ) (1216 -322 136 ) 
4 44 150 (0 -324 328 ) (0 0 328 ) (0 0 136 ) (0 -324 136 ) 
4 44 57 (1216 -324 136 ) (1216 -324 328 ) (0 -324 328 ) (0 -324 136 ) 
4 44 49 (1216 -288 136 ) (1216 -324 136 ) (640 -324 136 ) (640 -288 136 ) 
4 44 50 (640 -324 136 ) (0 -324 136 ) (0 -280 136 ) (640 -280 136 ) 
4 44 48 (640 -280 136 ) (0 -280 136 ) (0 -104 136 ) (640 -104 136 ) 
4 44 47 (1208 -280 136 ) (648 -280 136 ) (648 -104 136 ) (1208 -104 136 ) 
4 44 45 (640 0 136 ) (1216 0 136 ) (1216 -96 136 ) (640 -96 136 ) 
4 44 46 (0 0 136 ) (640 0 136 ) (640 -104 136 ) (0 -104 136 ) 
4 45 83 (640 0 120 ) (1216 0 120 ) (1216 -96 120 ) (640 -96 120 ) 
4 45 46 (640 0 120 ) (640 -96 120 ) (640 -96 136 ) (640 0 136 ) 
4 46 150 (0 0 136 ) (0 0 120 ) (0 -104 120 ) (0 -104 136 ) 
4 46 84 (0 -104 120 ) (0 0 120 ) (640 0 120 ) (640 -104 120 ) 
4 46 48 (0 -104 120 ) (640 -104 120 ) (640 -104 136 ) (0 -104 136 ) 
4 47 86 (648 -104 120 ) (1208 -104 120 ) (1208 -280 120 ) (648 -280 120 ) 
4 48 150 (0 -104 120 ) (0 -280 120 ) (0 -280 136 ) (0 -104 136 ) 
4 48 87 (0 -280 120 ) (0 -104 120 ) (640 -104 120 ) (640 -280 120 ) 
4 48 50 (0 -280 120 ) (640 -280 120 ) (640 -280 136 ) (0 -280 136 ) 
4 49 93 (1216 -324 120 ) (640 -324 120 ) (640 -322 120 ) (1216 -322 120 ) 
4 49 89 (640 -322 120 ) (640 -288 120 ) (1216 -288 120 ) (1216 -322 120 ) 
4 49 57 (640 -324 120 ) (1216 -324 120 ) (1216 -324 136 ) (640 -324 136 ) 
4 49 50 (640 -288 120 ) (640 -324 120 ) (640 -324 136 ) (640 -288 136 ) 
4 50 150 (0 -280 120 ) (0 -324 120 ) (0 -324 136 ) (0 -280 136 ) 
4 50 93 (640 -324 120 ) (0 -324 120 ) (0 -322 120 ) (640 -322 120 ) 
4 50 90 (0 -322 120 ) (0 -280 120 ) (640 -280 120 ) (640 -322 120 ) 
4 50 57 (0 -324 120 ) (640 -324 120 ) (640 -324 136 ) (0 -324 136 ) 
4 51 94 (4096 -324 120 ) (4096 -444 120 ) (3061 -444 120 ) (3061 -324 120 ) 
4 51 58 (3061 -444 120 ) (4096 -444 120 ) (4096 -444 328 ) (3061 -444 328 ) 
4 51 53 (3061 -324 196 ) (3061 -324 120 ) (3061 -444 120 ) (3061 -444 196 ) 
4 51 52 (3061 -324 326 ) (3061 -324 204 ) (3061 -444 204 ) (3061 -444 326 ) 
4 52 54 (3059 -324 326 ) (3059 -324 204 ) (3059 -444 204 ) (3059 -444 326 ) 
4 53 95 (3061 -444 120 ) (3059 -444 120 ) (3059 -324 120 ) (3061 -324 120 ) 
4 53 54 (3059 -324 196 ) (3059 -324 120 ) (3059 -444 120 ) (3059 -444 196 ) 
4 54 96 (3059 -444 120 ) (1869 -444 120 ) (1869 -324 120 ) (3059 -324 120 ) 
4 54 59 (1869 -444 120 ) (3059 -444 120 ) (3059 -444 328 ) (1869 -444 328 ) 
4 54 56 (1869 -324 196 ) (1869 -324 120 ) (1869 -444 120 ) (1869 -444 196 ) 
4 54 55 (1869 -324 326 ) (1869 -324 204 ) (1869 -444 204 ) (1869 -444 326 ) 
4 55 57 (1867 -324 326 ) (1867 -324 204 ) (1867 -444 204 ) (1867 -444 326 ) 
4 56 97 (1869 -444 120 ) (1867 -444 120 ) (1867 -324 120 ) (1869 -324 120 ) 
4 56 57 (1867 -324 196 ) (1867 -324 120 ) (1867 -444 120 ) (1867 -444 196 ) 
4 57 150 (0 -444 328 ) (0 -324 328 ) (0 -324 120 ) (0 -444 120 ) 
4 57 98 (1867 -444 120 ) (0 -444 120 ) (0 -324 120 ) (1867 -324 120 ) 
4 57 60 (0 -444 120 ) (1867 -444 120 ) (1867 -444 328 ) (0 -444 328 ) 
4 58 102 (4096 -444 120 ) (4096 -446 120 ) (3061 -446 120 ) (3061 -444 120 ) 
4 58 61 (3061 -446 120 ) (4096 -446 120 ) (4096 -446 328 ) (3061 -446 328 ) 
4 59 103 (3059 -446 120 ) (1869 -446 120 ) (1869 -444 120 ) (3059 -444 120 ) 
4 59 61 (1869 -446 120 ) (3059 -446 120 ) (3059 -446 328 ) (1869 -446 328 ) 
4 60 150 (0 -446 328 ) (0 -444 328 ) (0 -444 120 ) (0 -446 120 ) 
4 60 104 (1867 -446 120 ) (0 -446 120 ) (0 -444 120 ) (1867 -444 120 ) 
4 60 61 (0 -446 120 ) (1867 -446 120 ) (1867 -446 328 ) (0 -446 328 ) 
4 61 150 (0 -578 328 ) (0 -446 328 ) (0 -446 120 ) (0 -578 120 ) 
4 61 105 (4096 -446 120 ) (4096 -578 120 ) (0 -578 120 ) (0 -446 120 ) 
4 61 63 (1965 -578 120 ) (3155 -578 120 ) (3155 -578 328 ) (1965 -578 328 ) 
4 61 64 (0 -578 120 ) (1963 -578 120 ) (1963 -578 328 ) (0 -578 328 ) 
4 61 62 (3157 -578 120 ) (4096 -578 120 ) (4096 -578 328 ) (3157 -578 328 ) 
4 62 106 (4096 -578 120 ) (4096 -580 120 ) (3157 -580 120 ) (3157 -578 120 ) 
4 62 65 (3157 -580 120 ) (4096 -580 120 ) (4096 -580 328 ) (3157 -580 328 ) 
4 63 107 (3155 -580 120 ) (1965 -580 120 ) (1965 -578 120 ) (3155 -578 120 ) 
4 63 72 (1965 -580 120 ) (3155 -580 120 ) (3155 -580 196 ) (1965 -580 196 ) 
4 63 71 (3155 -580 196 ) (3155 -580 204 ) (1965 -580 204 ) (1965 -580 196 ) 
4 63 69 (3155 -580 204 ) (3155 -580 326 ) (1965 -580 326 ) (1965 -580 204 ) 
4 63 68 (3155 -580 326 ) (3155 -580 328 ) (1965 -580 328 ) (1965 -580 326 ) 
4 64 150 (0 -580 328 ) (0 -578 328 ) (0 -578 120 ) (0 -580 120 ) 
4 64 108 (1963 -580 120 ) (0 -580 120 ) (0 -578 120 ) (1963 -578 120 ) 
4 64 74 (0 -580 120 ) (1963 -580 120 ) (1963 -580 328 ) (0 -580 328 ) 
4 65 109 (4096 -580 120 ) (4096 -700 120 ) (3157 -700 120 ) (3157 -580 120 ) 
4 65 75 (3157 -700 120 ) (4096 -700 120 ) (4096 -700 328 ) (3157 -700 328 ) 
4 65 67 (3157 -580 196 ) (3157 -580 120 ) (3157 -700 120 ) (3157 -700 196 ) 
4 65 66 (3157 -580 326 ) (3157 -580 204 ) (3157 -700 204 ) (3157 -700 326 ) 
4 66 69 (3155 -580 326 ) (3155 -580 204 ) (3155 -700 204 ) (3155 -700 326 ) 
4 67 110 (3157 -700 120 ) (3155 -700 120 ) (3155 -580 120 ) (3157 -580 120 ) 
4 67 72 (3155 -580 196 ) (3155 -580 120 ) (3155 -700 120 ) (3155 -700 196 ) 
4 68 76 (3155 -700 326 ) (3155 -700 328 ) (1965 -700 328 ) (1965 -700 326 ) 
4 68 69 (1965 -580 326 ) (3155 -580 326 ) (3155 -700 326 ) (1965 -700 326 ) 
4 69 76 (3155 -700 204 ) (3155 -700 326 ) (1965 -700 326 ) (1965 -700 204 ) 
4 69 71 (1965 -580 204 ) (3155 -580 204 ) (3155 -700 204 ) (1965 -700 204 ) 
4 69 70 (1965 -580 204 ) (1965 -700 204 ) (1965 -700 326 ) (1965 -580 326 ) 
4 70 74 (1963 -580 326 ) (1963 -580 204 ) (1963 -700 204 ) (1963 -700 326 ) 
4 71 76 (3155 -700 196 ) (3155 -700 204 ) (1965 -700 204 ) (1965 -700 196 ) 
4 71 72 (1965 -580 196 ) (3155 -580 196 ) (3155 -700 196 ) (1965 -700 196 ) 
4 72 111 (3155 -700 120 ) (1965 -700 120 ) (1965 -580 120 ) (3155 -580 120 ) 
4 72 76 (1965 -700 120 ) (3155 -700 120 ) (3155 -700 196 ) (1965 -700 196 ) 
4 72 73 (1965 -700 120 ) (1965 -700 196 ) (1965 -580 196 ) (1965 -580 120 ) 
4 73 112 (1965 -700 120 ) (1963 -700 120 ) (1963 -580 120 ) (1965 -580 120 ) 
4 73 74 (1963 -580 196 ) (1963 -580 120 ) (1963 -700 120 ) (1963 -700 196 ) 
4 74 150 (0 -700 328 ) (0 -580 328 ) (0 -580 120 ) (0 -700 120 ) 
4 74 113 (1963 -700 120 ) (0 -700 120 ) (0 -580 120 ) (1963 -580 120 ) 
4 74 77 (0 -700 120 ) (1963 -700 120 ) (1963 -700 328 ) (0 -700 328 ) 
4 75 117 (4096 -700 120 ) (4096 -702 120 ) (3157 -702 120 ) (3157 -700 120 ) 
4 75 78 (3157 -702 120 ) (4096 -702 120 ) (4096 -702 328 ) (3157 -702 328 ) 
4 76 118 (3155 -702 120 ) (1965 -702 120 ) (1965 -700 120 ) (3155 -700 120 ) 
4 76 78 (1965 -702 120 ) (3155 -702 120 ) (3155 -702 328 ) (1965 -702 328 ) 
4 77 150 (0 -702 328 ) (0 -700 328 ) (0 -700 120 ) (0 -702 120 ) 
4 77 119 (1963 -702 120 ) (0 -702 120 ) (0 -700 120 ) (1963 -700 120 ) 
4 77 78 (0 -702 120 ) (1963 -702 120 ) (1963 -702 328 ) (0 -702 328 ) 
4 78 150 (0 -3072 328 ) (0 -702 328 ) (0 -702 120 ) (0 -3072 120 ) 
4 78 120 (4096 -702 120 ) (4096 -3072 120 ) (0 -3072 120 ) (0 -702 120 ) 
4 79 135 (1856 0 72 ) (1860 0 72 ) (1860 -104 72 ) (1856 -104 72 ) 
4 79 133 (1860 0 72 ) (2172 0 72 ) (2172 -104 72 ) (1860 -104 72 ) 
4 79 132 (2172 0 72 ) (2176 0 72 ) (2176 -104 72 ) (2172 -104 72 ) 
4 79 130 (2176 0 72 ) (2752 0 72 ) (2752 -104 72 ) (2176 -104 72 ) 
4 79 129 (2752 0 72 ) (2756 0 72 ) (2756 -104 72 ) (2752 -104 72 ) 
4 79 124 (2756 0 72 ) (3068 0 72 ) (3068 -104 72 ) (2756 -104 72 ) 
4 79 123 (3068 0 72 ) (3072 0 72 ) (3072 -104 72 ) (3068 -104 72 ) 
4 79 121 (3072 0 72 ) (4096 0 72 ) (4096 -104 72 ) (3072 -104 72 ) 
4 79 85 (1856 -104 72 ) (4096 -104 72 ) (4096 -104 120 ) (1856 -104 120 ) 
4 79 80 (1856 0 72 ) (1856 -60 72 ) (1856 -60 120 ) (1856 0 120 ) 
4 79 81 (1856 -64 72 ) (1856 -104 72 ) (1856 -104 120 ) (1856 -64 120 ) 
4 80 136 (1280 0 72 ) (1856 0 72 ) (1856 -60 72 ) (1280 -60 72 ) 
4 80 82 (1280 0 72 ) (1280 -60 72 ) (1280 -60 120 ) (1280 0 120 ) 
4 81 136 (1856 -64 72 ) (1856 -104 72 ) (1280 -104 72 ) (1280 -64 72 ) 
4 81 85 (1280 -104 72 ) (1856 -104 72 ) (1856 -104 120 ) (1280 -104 120 ) 
4 81 82 (1280 -64 72 ) (1280 -104 72 ) (1280 -104 120 ) (1280 -64 120 ) 
4 82 136 (1216 0 72 ) (1280 0 72 ) (1280 -104 72 ) (1216 -104 72 ) 
4 82 85 (1216 -104 72 ) (1280 -104 72 ) (1280 -104 120 ) (1216 -104 120 ) 
4 82 83 (1216 0 72 ) (1216 -96 72 ) (1216 -96 120 ) (1216 0 120 ) 
4 83 137 (640 0 72 ) (1216 0 72 ) (1216 -96 72 ) (640 -96 72 ) 
4 83 84 (640 0 72 ) (640 -96 72 ) (640 -96 120 ) (640 0 120 ) 
4 84 150 (0 -104 120 ) (0 0 120 ) (0 0 72 ) (0 -104 72 ) 
4 84 139 (0 -104 72 ) (0 0 72 ) (640 0 72 ) (640 -104 72 ) 
4 84 87 (0 -104 72 ) (640 -104 72 ) (640 -104 120 ) (0 -104 120 ) 
4 85 136 (1216 -104 72 ) (1856 -104 72 ) (1856 -280 72 ) (1216 -280 72 ) 
4 85 135 (1856 -104 72 ) (1860 -104 72 ) (1860 -160 72 ) (1856 -160 72 ) 
4 85 134 (1860 -224 72 ) (1860 -280 72 ) (1856 -280 72 ) (1856 -224 72 ) 
4 85 133 (1860 -104 72 ) (2172 -104 72 ) (2172 -280 72 ) (1860 -280 72 ) 
4 85 132 (2172 -104 72 ) (2176 -104 72 ) (2176 -160 72 ) (2172 -160 72 ) 
4 85 131 (2176 -224 72 ) (2176 -280 72 ) (2172 -280 72 ) (2172 -224 72 ) 
4 85 130 (2176 -104 72 ) (2752 -104 72 ) (2752 -280 72 ) (2176 -280 72 ) 
4 85 129 (2752 -104 72 ) (2756 -104 72 ) (2756 -160 72 ) (2752 -160 72 ) 
4 85 128 (2756 -224 72 ) (2756 -280 72 ) (2752 -280 72 ) (2752 -224 72 ) 
4 85 125 (3068 -164 72 ) (3068 -220 72 ) (2756 -220 72 ) (2756 -164 72 ) 
4 85 124 (2756 -104 72 ) (3068 -104 72 ) (3068 -164 72 ) (2756 -164 72 ) 
4 85 127 (3068 -220 72 ) (3068 -280 72 ) (2756 -280 72 ) (2756 -220 72 ) 
4 85 123 (3068 -104 72 ) (3072 -104 72 ) (3072 -160 72 ) (3068 -160 72 ) 
4 85 122 (3072 -224 72 ) (3072 -280 72 ) (3068 -280 72 ) (3068 -224 72 ) 
4 85 121 (3072 -104 72 ) (4096 -104 72 ) (4096 -280 72 ) (3072 -280 72 ) 
4 85 88 (1216 -280 72 ) (4096 -280 72 ) (4096 -280 120 ) (1216 -280 120 ) 
4 87 150 (0 -280 120 ) (0 -104 120 ) (0 -104 72 ) (0 -280 72 ) 
4 87 139 (0 -280 72 ) (0 -104 72 ) (640 -104 72 ) (640 -280 72 ) 
4 87 90 (0 -280 72 ) (640 -280 72 ) (640 -280 120 ) (0 -280 120 ) 
4 88 136 (1216 -280 72 ) (1856 -280 72 ) (1856 -322 72 ) (1216 -322 72 ) 
4 88 134 (1856 -280 72 ) (1860 -280 72 ) (1860 -322 72 ) (1856 -322 72 ) 
4 88 133 (1860 -280 72 ) (2172 -280 72 ) (2172 -322 72 ) (1860 -322 72 ) 
4 88 131 (2172 -280 72 ) (2176 -280 72 ) (2176 -322 72 ) (2172 -322 72 ) 
4 88 130 (2176 -280 72 ) (2752 -280 72 ) (2752 -322 72 ) (2176 -322 72 ) 
4 88 128 (2752 -280 72 ) (2756 -280 72 ) (2756 -322 72 ) (2752 -322 72 ) 
4 88 127 (2756 -280 72 ) (3068 -280 72 ) (3068 -322 72 ) (2756 -322 72 ) 
4 88 122 (3068 -280 72 ) (3072 -280 72 ) (3072 -322 72 ) (3068 -322 72 ) 
4 88 121 (3072 -280 72 ) (4096 -280 72 ) (4096 -322 72 ) (3072 -322 72 ) 
4 88 93 (1216 -322 72 ) (1867 -322 72 ) (1867 -322 120 ) (1216 -322 120 ) 
4 88 91 (3061 -322 72 ) (4096 -322 72 ) (4096 -322 120 ) (3061 -322 120 ) 
4 88 92 (1869 -322 72 ) (3059 -322 72 ) (3059 -322 120 ) (1869 -322 120 ) 
4 88 89 (1216 -288 72 ) (1216 -322 72 ) (1216 -322 120 ) (1216 -288 120 ) 
4 89 138 (1216 -288 72 ) (1216 -322 72 ) (640 -322 72 ) (640 -288 72 ) 
4 89 93 (640 -322 72 ) (1216 -322 72 ) (1216 -322 120 ) (640 -322 120 ) 
4 89 90 (640 -288 72 ) (640 -322 72 ) (640 -322 120 ) (640 -288 120 ) 
4 90 150 (0 -322 120 ) (0 -280 120 ) (0 -280 72 ) (0 -322 72 ) 
4 90 139 (0 -322 72 ) (0 -280 72 ) (640 -280 72 ) (640 -322 72 ) 
4 90 93 (0 -322 72 ) (640 -322 72 ) (640 -322 120 ) (0 -322 120 ) 
4 91 127 (3061 -322 72 ) (3068 -322 72 ) (3068 -324 72 ) (3061 -324 72 ) 
4 91 122 (3068 -322 72 ) (3072 -322 72 ) (3072 -324 72 ) (3068 -324 72 ) 
4 91 121 (3072 -322 72 ) (4096 -322 72 ) (4096 -324 72 ) (3072 -324 72 ) 
4 91 99 (3061 -324 72 ) (4096 -324 72 ) (4096 -324 74 ) (3061 -324 74 ) 
4 91 94 (4096 -324 74 ) (4096 -324 120 ) (3061 -324 120 ) (3061 -324 74 ) 
4 92 133 (1869 -322 72 ) (2172 -322 72 ) (2172 -324 72 ) (1869 -324 72 ) 
4 92 131 (2172 -322 72 ) (2176 -322 72 ) (2176 -324 72 ) (2172 -324 72 ) 
4 92 130 (2176 -322 72 ) (2752 -322 72 ) (2752 -324 72 ) (2176 -324 72 ) 
4 92 128 (2752 -322 72 ) (2756 -322 72 ) (2756 -324 72 ) (2752 -324 72 ) 
4 92 127 (2756 -322 72 ) (3059 -322 72 ) (3059 -324 72 ) (2756 -324 72 ) 
4 92 100 (1869 -324 72 ) (3059 -324 72 ) (3059 -324 74 ) (1869 -324 74 ) 
4 92 96 (3059 -324 74 ) (3059 -324 120 ) (1869 -324 120 ) (1869 -324 74 ) 
4 93 150 (0 -324 120 ) (0 -322 120 ) (0 -322 72 ) (0 -324 72 ) 
4 93 138 (640 -322 72 ) (1216 -322 72 ) (1216 -324 72 ) (640 -324 72 ) 
4 93 136 (1216 -322 72 ) (1856 -322 72 ) (1856 -324 72 ) (1216 -324 72 ) 
4 93 139 (0 -324 72 ) (0 -322 72 ) (640 -322 72 ) (640 -324 72 ) 
4 93 134 (1856 -322 72 ) (1860 -322 72 ) (1860 -324 72 ) (1856 -324 72 ) 
4 93 133 (1860 -322 72 ) (1867 -322 72 ) (1867 -324 72 ) (1860 -324 72 ) 
4 93 101 (0 -324 72 ) (1867 -324 72 ) (1867 -324 74 ) (0 -324 74 ) 
4 93 98 (1867 -324 74 ) (1867 -324 120 ) (0 -324 120 ) (0 -324 74 ) 
4 94 102 (4096 -444 74 ) (4096 -444 120 ) (3061 -444 120 ) (3061 -444 74 ) 
4 94 99 (4096 -444 74 ) (3061 -444 74 ) (3061 -324 74 ) (4096 -324 74 ) 
4 94 95 (3061 -324 120 ) (3061 -324 74 ) (3061 -444 74 ) (3061 -444 120 ) 
4 95 96 (3059 -324 120 ) (3059 -324 74 ) (3059 -444 74 ) (3059 -444 120 ) 
4 96 103 (3059 -444 120 ) (1869 -444 120 ) (1869 -444 74 ) (3059 -444 74 ) 
4 96 100 (3059 -444 74 ) (1869 -444 74 ) (1869 -324 74 ) (3059 -324 74 ) 
4 96 97 (1869 -324 120 ) (1869 -324 74 ) (1869 -444 74 ) (1869 -444 120 ) 
4 97 98 (1867 -324 120 ) (1867 -324 74 ) (1867 -444 74 ) (1867 -444 120 ) 
4 98 150 (0 -444 120 ) (0 -324 120 ) (0 -324 74 ) (0 -444 74 ) 
4 98 104 (1867 -444 120 ) (0 -444 120 ) (0 -444 74 ) (1867 -444 74 ) 
4 98 101 (1867 -444 74 ) (0 -444 74 ) (0 -324 74 ) (1867 -324 74 ) 
4 99 127 (3061 -324 72 ) (3068 -324 72 ) (3068 -444 72 ) (3061 -444 72 ) 
4 99 122 (3068 -324 72 ) (3072 -324 72 ) (3072 -444 72 ) (3068 -444 72 ) 
4 99 121 (3072 -324 72 ) (4096 -324 72 ) (4096 -444 72 ) (3072 -444 72 ) 
4 99 102 (3061 -444 72 ) (4096 -444 72 ) (4096 -444 74 ) (3061 -444 74 ) 
4 100 133 (1869 -324 72 ) (2172 -324 72 ) (2172 -444 72 ) (1869 -444 72 ) 
4 100 131 (2172 -324 72 ) (2176 -324 72 ) (2176 -444 72 ) (2172 -444 72 ) 
4 100 130 (2176 -324 72 ) (2752 -324 72 ) (2752 -444 72 ) (2176 -444 72 ) 
4 100 128 (2752 -324 72 ) (2756 -324 72 ) (2756 -444 72 ) (2752 -444 72 ) 
4 100 127 (2756 -324 72 ) (3059 -324 72 ) (3059 -444 72 ) (2756 -444 72 ) 
4 100 103 (1869 -444 72 ) (3059 -444 72 ) (3059 -444 74 ) (1869 -444 74 ) 
4 101 150 (0 -324 74 ) (0 -324 72 ) (0 -444 72 ) (0 -444 74 ) 
4 101 138 (640 -324 72 ) (1216 -324 72 ) (1216 -444 72 ) (640 -444 72 ) 
4 101 136 (1216 -324 72 ) (1856 -324 72 ) (1856 -444 72 ) (1216 -444 72 ) 
4 101 139 (0 -444 72 ) (0 -324 72 ) (640 -324 72 ) (640 -444 72 ) 
4 101 134 (1856 -324 72 ) (1860 -324 72 ) (1860 -444 72 ) (1856 -444 72 ) 
4 101 133 (1860 -324 72 ) (1867 -324 72 ) (1867 -444 72 ) (1860 -444 72 ) 
4 101 104 (0 -444 72 ) (1867 -444 72 ) (1867 -444 74 ) (0 -444 74 ) 
4 102 127 (3061 -444 72 ) (3068 -444 72 ) (3068 -446 72 ) (3061 -446 72 ) 
4 102 122 (3068 -444 72 ) (3072 -444 72 ) (3072 -446 72 ) (3068 -446 72 ) 
4 102 121 (3072 -444 72 ) (4096 -444 72 ) (4096 -446 72 ) (3072 -446 72 ) 
4 102 105 (3061 -446 72 ) (4096 -446 72 ) (4096 -446 120 ) (3061 -446 120 ) 
4 103 133 (1869 -444 72 ) (2172 -444 72 ) (2172 -446 72 ) (1869 -446 72 ) 
4 103 131 (2172 -444 72 ) (2176 -444 72 ) (2176 -446 72 ) (2172 -446 72 ) 
4 103 130 (2176 -444 72 ) (2752 -444 72 ) (2752 -446 72 ) (2176 -446 72 ) 
4 103 128 (2752 -444 72 ) (2756 -444 72 ) (2756 -446 72 ) (2752 -446 72 ) 
4 103 127 (2756 -444 72 ) (3059 -444 72 ) (3059 -446 72 ) (2756 -446 72 ) 
4 103 105 (1869 -446 72 ) (3059 -446 72 ) (3059 -446 120 ) (1869 -446 120 ) 
4 104 150 (0 -446 120 ) (0 -444 120 ) (0 -444 72 ) (0 -446 72 ) 
4 104 138 (640 -444 72 ) (1216 -444 72 ) (1216 -446 72 ) (640 -446 72 ) 
4 104 136 (1216 -444 72 ) (1856 -444 72 ) (1856 -446 72 ) (1216 -446 72 ) 
4 104 139 (0 -446 72 ) (0 -444 72 ) (640 -444 72 ) (640 -446 72 ) 
4 104 134 (1856 -444 72 ) (1860 -444 72 ) (1860 -446 72 ) (1856 -446 72 ) 
4 104 133 (1860 -444 72 ) (1867 -444 72 ) (1867 -446 72 ) (1860 -446 72 ) 
4 104 105 (0 -446 72 ) (1867 -446 72 ) (1867 -446 120 ) (0 -446 120 ) 
4 105 150 (0 -578 120 ) (0 -446 120 ) (0 -446 72 ) (0 -578 72 ) 
4 105 138 (640 -446 72 ) (1216 -446 72 ) (1216 -578 72 ) (640 -578 72 ) 
4 105 136 (1216 -446 72 ) (1856 -446 72 ) (1856 -578 72 ) (1216 -578 72 ) 
4 105 139 (0 -578 72 ) (0 -446 72 ) (640 -446 72 ) (640 -578 72 ) 
4 105 134 (1856 -446 72 ) (1860 -446 72 ) (1860 -578 72 ) (1856 -578 72 ) 
4 105 133 (1860 -446 72 ) (2172 -446 72 ) (2172 -578 72 ) (1860 -578 72 ) 
4 105 131 (2172 -446 72 ) (2176 -446 72 ) (2176 -578 72 ) (2172 -578 72 ) 
4 105 130 (2176 -446 72 ) (2752 -446 72 ) (2752 -578 72 ) (2176 -578 72 ) 
4 105 128 (2752 -446 72 ) (2756 -446 72 ) (2756 -578 72 ) (2752 -578 72 ) 
4 105 127 (2756 -446 72 ) (3068 -446 72 ) (3068 -578 72 ) (2756 -578 72 ) 
4 105 122 (3068 -446 72 ) (3072 -446 72 ) (3072 -578 72 ) (3068 -578 72 ) 
4 105 121 (3072 -446 72 ) (4096 -446 72 ) (4096 -578 72 ) (3072 -578 72 ) 
4 105 107 (1965 -578 72 ) (3155 -578 72 ) (3155 -578 120 ) (1965 -578 120 ) 
4 105 108 (0 -578 72 ) (1963 -578 72 ) (1963 -578 120 ) (0 -578 120 ) 
4 105 106 (3157 -578 72 ) (4096 -578 72 ) (4096 -578 120 ) (3157 -578 120 ) 
4 106 121 (3157 -578 72 ) (4096 -578 72 ) (4096 -580 72 ) (3157 -580 72 ) 
4 106 114 (3157 -580 72 ) (4096 -580 72 ) (4096 -580 74 ) (3157 -580 74 ) 
4 106 109 (4096 -580 74 ) (4096 -580 120 ) (3157 -580 120 ) (3157 -580 74 ) 
4 107 133 (1965 -578 72 ) (2172 -578 72 ) (2172 -580 72 ) (1965 -580 72 ) 
4 107 131 (2172 -578 72 ) (2176 -578 72 ) (2176 -580 72 ) (2172 -580 72 ) 
4 107 130 (2176 -578 72 ) (2752 -578 72 ) (2752 -580 72 ) (2176 -580 72 ) 
4 107 128 (2752 -578 72 ) (2756 -578 72 ) (2756 -580 72 ) (2752 -580 72 ) 
4 107 127 (2756 -578 72 ) (3068 -578 72 ) (3068 -580 72 ) (2756 -580 72 ) 
4 107 122 (3068 -578 72 ) (3072 -578 72 ) (3072 -580 72 ) (3068 -580 72 ) 
4 107 121 (3072 -578 72 ) (3155 -578 72 ) (3155 -580 72 ) (3072 -580 72 ) 
4 107 115 (1965 -580 72 ) (3155 -580 72 ) (3155 -580 74 ) (1965 -580 74 ) 
4 107 111 (3155 -580 74 ) (3155 -580 120 ) (1965 -580 120 ) (1965 -580 74 ) 
4 108 150 (0 -580 120 ) (0 -578 120 ) (0 -578 72 ) (0 -580 72 ) 
4 108 138 (640 -578 72 ) (1216 -578 72 ) (1216 -580 72 ) (640 -580 72 ) 
4 108 136 (1216 -578 72 ) (1856 -578 72 ) (1856 -580 72 ) (1216 -580 72 ) 
4 108 139 (0 -580 72 ) (0 -578 72 ) (640 -578 72 ) (640 -580 72 ) 
4 108 134 (1856 -578 72 ) (1860 -578 72 ) (1860 -580 72 ) (1856 -580 72 ) 
4 108 133 (1860 -578 72 ) (1963 -578 72 ) (1963 -580 72 ) (1860 -580 72 ) 
4 108 116 (0 -580 72 ) (1963 -580 72 ) (1963 -580 74 ) (0 -580 74 ) 
4 108 113 (1963 -580 74 ) (1963 -580 120 ) (0 -580 120 ) (0 -580 74 ) 
4 109 117 (4096 -700 74 ) (4096 -700 120 ) (3157 -700 120 ) (3157 -700 74 ) 
4 109 114 (4096 -700 74 ) (3157 -700 74 ) (3157 -580 74 ) (4096 -580 74 ) 
4 109 110 (3157 -580 120 ) (3157 -580 74 ) (3157 -700 74 ) (3157 -700 120 ) 
4 110 111 (3155 -580 120 ) (3155 -580 74 ) (3155 -700 74 ) (3155 -700 120 ) 
4 111 118 (3155 -700 120 ) (1965 -700 120 ) (1965 -700 74 ) (3155 -700 74 ) 
4 111 115 (3155 -700 74 ) (1965 -700 74 ) (1965 -580 74 ) (3155 -580 74 ) 
4 111 112 (1965 -580 120 ) (1965 -580 74 ) (1965 -700 74 ) (1965 -700 120 ) 
4 112 113 (1963 -580 120 ) (1963 -580 74 ) (1963 -700 74 ) (1963 -700 120 ) 
4 113 150 (0 -700 120 ) (0 -580 120 ) (0 -580 74 ) (0 -700 74 ) 
4 113 119 (1963 -700 120 ) (0 -700 120 ) (0 -700 74 ) (1963 -700 74 ) 
4 113 116 (1963 -700 74 ) (0 -700 74 ) (0 -580 74 ) (1963 -580 74 ) 
4 114 121 (3157 -580 72 ) (4096 -580 72 ) (4096 -700 72 ) (3157 -700 72 ) 
4 114 117 (3157 -700 72 ) (4096 -700 72 ) (4096 -700 74 ) (3157 -700 74 ) 
4 115 133 (1965 -580 72 ) (2172 -580 72 ) (2172 -700 72 ) (1965 -700 72 ) 
4 115 131 (2172 -580 72 ) (2176 -580 72 ) (2176 -700 72 ) (2172 -700 72 ) 
4 115 130 (2176 -580 72 ) (2752 -580 72 ) (2752 -700 72 ) (2176 -700 72 ) 
4 115 128 (2752 -580 72 ) (2756 -580 72 ) (2756 -700 72 ) (2752 -700 72 ) 
4 115 127 (2756 -580 72 ) (3068 -580 72 ) (3068 -700 72 ) (2756 -700 72 ) 
4 115 122 (3068 -580 72 ) (3072 -580 72 ) (3072 -700 72 ) (3068 -700 72 ) 
4 115 121 (3072 -580 72 ) (3155 -580 72 ) (3155 -700 72 ) (3072 -700 72 ) 
4 115 118 (1965 -700 72 ) (3155 -700 72 ) (3155 -700 74 ) (1965 -700 74 ) 
4 116 150 (0 -580 74 ) (0 -580 72 ) (0 -700 72 ) (0 -700 74 ) 
4 116 138 (640 -580 72 ) (1216 -580 72 ) (1216 -700 72 ) (640 -700 72 ) 
4 116 136 (1216 -580 72 ) (1856 -580 72 ) (1856 -700 72 ) (1216 -700 72 ) 
4 116 139 (0 -700 72 ) (0 -580 72 ) (640 -580 72 ) (640 -700 72 ) 
4 116 134 (1856 -580 72 ) (1860 -580 72 ) (1860 -700 72 ) (1856 -700 72 ) 
4 116 133 (1860 -580 72 ) (1963 -580 72 ) (1963 -700 72 ) (1860 -700 72 ) 
4 116 119 (0 -700 72 ) (1963 -700 72 ) (1963 -700 74 ) (0 -700 74 ) 
4 117 121 (3157 -700 72 ) (4096 -700 72 ) (4096 -702 72 ) (3157 -702 72 ) 
4 117 120 (3157 -702 72 ) (4096 -702 72 ) (4096 -702 120 ) (3157 -702 120 ) 
4 118 133 (1965 -700 72 ) (2172 -700 72 ) (2172 -702 72 ) (1965 -702 72 ) 
4 118 131 (2172 -700 72 ) (2176 -700 72 ) (2176 -702 72 ) (2172 -702 72 ) 
4 118 130 (2176 -700 72 ) (2752 -700 72 ) (2752 -702 72 ) (2176 -702 72 ) 
4 118 128 (2752 -700 72 ) (2756 -700 72 ) (2756 -702 72 ) (2752 -702 72 ) 
4 118 127 (2756 -700 72 ) (3068 -700 72 ) (3068 -702 72 ) (2756 -702 72 ) 
4 118 122 (3068 -700 72 ) (3072 -700 72 ) (3072 -702 72 ) (3068 -702 72 ) 
4 118 121 (3072 -700 72 ) (3155 -700 72 ) (3155 -702 72 ) (3072 -702 72 ) 
4 118 120 (1965 -702 72 ) (3155 -702 72 ) (3155 -702 120 ) (1965 -702 120 ) 
4 119 150 (0 -702 120 ) (0 -700 120 ) (0 -700 72 ) (0 -702 72 ) 
4 119 138 (640 -700 72 ) (1216 -700 72 ) (1216 -702 72 ) (640 -702 72 ) 
4 119 136 (1216 -700 72 ) (1856 -700 72 ) (1856 -702 72 ) (1216 -702 72 ) 
4 119 139 (0 -702 72 ) (0 -700 72 ) (640 -700 72 ) (640 -702 72 ) 
4 119 134 (1856 -700 72 ) (1860 -700 72 ) (1860 -702 72 ) (1856 -702 72 ) 
4 119 133 (1860 -700 72 ) (1963 -700 72 ) (1963 -702 72 ) (1860 -702 72 ) 
4 119 120 (0 -702 72 ) (1963 -702 72 ) (1963 -702 120 ) (0 -702 120 ) 
4 120 150 (0 -3072 120 ) (0 -702 120 ) (0 -702 72 ) (0 -3072 72 ) 
4 120 145 (0 -864 72 ) (0 -800 72 ) (1952 -800 72 ) (1952 -864 72 ) 
4 120 143 (2272 -800 72 ) (2848 -800 72 ) (2848 -864 72 ) (2272 -864 72 ) 
4 120 144 (1956 -800 72 ) (2268 -800 72 ) (2268 -864 72 ) (1956 -864 72 ) 
4 120 142 (2852 -800 72 ) (3164 -800 72 ) (3164 -864 72 ) (2852 -864 72 ) 
4 120 141 (3168 -800 72 ) (4096 -800 72 ) (4096 -864 72 ) (3168 -864 72 ) 
4 120 140 (0 -3072 72 ) (0 -864 72 ) (4096 -864 72 ) (4096 -3072 72 ) 
4 120 138 (640 -702 72 ) (1216 -702 72 ) (1216 -800 72 ) (640 -800 72 ) 
4 120 136 (1216 -702 72 ) (1856 -702 72 ) (1856 -800 72 ) (1216 -800 72 ) 
4 120 139 (0 -800 72 ) (0 -702 72 ) (640 -702 72 ) (640 -800 72 ) 
4 120 134 (1856 -702 72 ) (1860 -702 72 ) (1860 -800 72 ) (1856 -800 72 ) 
4 120 133 (1860 -702 72 ) (2172 -702 72 ) (2172 -800 72 ) (1860 -800 72 ) 
4 120 131 (2172 -702 72 ) (2176 -702 72 ) (2176 -800 72 ) (2172 -800 72 ) 
4 120 130 (2176 -702 72 ) (2752 -702 72 ) (2752 -800 72 ) (2176 -800 72 ) 
4 120 128 (2752 -702 72 ) (2756 -702 72 ) (2756 -800 72 ) (2752 -800 72 ) 
4 120 127 (2756 -702 72 ) (3068 -702 72 ) (3068 -800 72 ) (2756 -800 72 ) 
4 120 122 (3068 -702 72 ) (3072 -702 72 ) (3072 -800 72 ) (3068 -800 72 ) 
4 120 121 (3072 -702 72 ) (4096 -702 72 ) (4096 -800 72 ) (3072 -800 72 ) 
4 121 146 (4096 0 64 ) (4096 -792 64 ) (3072 -792 64 ) (3072 0 64 ) 
4 121 142 (3072 -792 64 ) (3164 -792 64 ) (3164 -800 72 ) (3072 -800 72 ) 
4 121 141 (3168 -792 64 ) (4096 -792 64 ) (4096 -800 72 ) (3168 -800 72 ) 
4 121 123 (3072 0 64 ) (3072 -152 64 ) (3072 -160 72 ) (3072 0 72 ) 
4 121 122 (3072 -232 64 ) (3072 -792 64 ) (3072 -800 72 ) (3072 -224 72 ) 
4 122 146 (3072 -792 64 ) (3068 -792 64 ) (3068 -232 64 ) (3072 -232 64 ) 
4 122 142 (3068 -792 64 ) (3072 -792 64 ) (3072 -800 72 ) (3068 -800 72 ) 
4 122 127 (3068 -232 64 ) (3068 -792 64 ) (3068 -800 72 ) (3068 -224 72 ) 
4 123 146 (3068 -152 64 ) (3068 0 64 ) (3072 0 64 ) (3072 -152 64 ) 
4 123 124 (3068 0 64 ) (3068 -152 64 ) (3068 -160 72 ) (3068 0 72 ) 
4 124 146 (2756 -164 64 ) (2756 0 64 ) (3068 0 64 ) (3068 -164 64 ) 
4 124 129 (2756 0 64 ) (2756 -152 64 ) (2756 -160 72 ) (2756 0 72 ) 
4 124 126 (2760 -164 64 ) (3064 -164 64 ) (3064 -164 68 ) (2760 -164 68 ) 
4 124 125 (2756 -164 72 ) (2756 -164 68 ) (3068 -164 68 ) (3068 -164 72 ) 
4 125 126 (3064 -220 68 ) (2760 -220 68 ) (2760 -164 68 ) (3064 -164 68 ) 
4 125 127 (2756 -220 72 ) (2756 -220 68 ) (3068 -220 68 ) (3068 -220 72 ) 
4 126 146 (2760 -164 64 ) (3064 -164 64 ) (3064 -220 64 ) (2760 -220 64 ) 
4 126 127 (2760 -220 64 ) (3064 -220 64 ) (3064 -220 68 ) (2760 -220 68 ) 
4 127 146 (3068 -792 64 ) (2756 -792 64 ) (2756 -220 64 ) (3068 -220 64 ) 
4 127 143 (2756 -792 64 ) (2848 -792 64 ) (2848 -800 72 ) (2756 -800 72 ) 
4 127 142 (2852 -792 64 ) (3068 -792 64 ) (3068 -800 72 ) (2852 -800 72 ) 
4 127 128 (2756 -232 64 ) (2756 -792 64 ) (2756 -800 72 ) (2756 -224 72 ) 
4 128 146 (2756 -792 64 ) (2752 -792 64 ) (2752 -232 64 ) (2756 -232 64 ) 
4 128 143 (2752 -792 64 ) (2756 -792 64 ) (2756 -800 72 ) (2752 -800 72 ) 
4 128 130 (2752 -232 64 ) (2752 -792 64 ) (2752 -800 72 ) (2752 -224 72 ) 
4 129 146 (2752 -152 64 ) (2752 0 64 ) (2756 0 64 ) (2756 -152 64 ) 
4 129 130 (2752 0 64 ) (2752 -152 64 ) (2752 -160 72 ) (2752 0 72 ) 
4 130 146 (2752 -792 64 ) (2176 -792 64 ) (2176 0 64 ) (2752 0 64 ) 
4 130 143 (2272 -792 64 ) (2752 -792 64 ) (2752 -800 72 ) (2272 -800 72 ) 
4 130 144 (2176 -792 64 ) (2268 -792 64 ) (2268 -800 72 ) (2176 -800 72 ) 
4 130 132 (2176 0 64 ) (2176 -152 64 ) (2176 -160 72 ) (2176 0 72 ) 
4 130 131 (2176 -232 64 ) (2176 -792 64 ) (2176 -800 72 ) (2176 -224 72 ) 
4 131 146 (2176 -792 64 ) (2172 -792 64 ) (2172 -232 64 ) (2176 -232 64 ) 
4 131 144 (2172 -792 64 ) (2176 -792 64 ) (2176 -800 72 ) (2172 -800 72 ) 
4 131 133 (2172 -232 64 ) (2172 -792 64 ) (2172 -800 72 ) (2172 -224 72 ) 
4 132 146 (2172 -152 64 ) (2172 0 64 ) (2176 0 64 ) (2176 -152 64 ) 
4 132 133 (2172 0 64 ) (2172 -152 64 ) (2172 -160 72 ) (2172 0 72 ) 
4 133 146 (2172 -792 64 ) (1860 -792 64 ) (1860 0 64 ) (2172 0 64 ) 
4 133 145 (1860 -792 64 ) (1952 -792 64 ) (1952 -800 72 ) (1860 -800 72 ) 
4 133 144 (1956 -792 64 ) (2172 -792 64 ) (2172 -800 72 ) (1956 -800 72 ) 
4 133 135 (1860 0 64 ) (1860 -152 64 ) (1860 -160 72 ) (1860 0 72 ) 
4 133 134 (1860 -232 64 ) (1860 -792 64 ) (1860 -800 72 ) (1860 -224 72 ) 
4 134 146 (1860 -792 64 ) (1856 -792 64 ) (1856 -232 64 ) (1860 -232 64 ) 
4 134 145 (1856 -792 64 ) (1860 -792 64 ) (1860 -800 72 ) (1856 -800 72 ) 
4 134 136 (1856 -232 64 ) (1856 -792 64 ) (1856 -800 72 ) (1856 -224 72 ) 
4 135 146 (1856 -152 64 ) (1856 0 64 ) (1860 0 64 ) (1860 -152 64 ) 
4 135 136 (1856 0 64 ) (1856 -152 64 ) (1856 -160 72 ) (1856 0 72 ) 
4 136 146 (1856 -792 64 ) (1216 -792 64 ) (1216 0 64 ) (1856 0 64 ) 
4 136 145 (1216 -792 64 ) (1856 -792 64 ) (1856 -800 72 ) (1216 -800 72 ) 
4 136 137 (1216 0 64 ) (1216 -96 64 ) (1216 -96 72 ) (1216 0 72 ) 
4 136 138 (1216 -288 64 ) (1216 -792 64 ) (1216 -800 72 ) (1216 -288 72 ) 
4 137 146 (640 -96 64 ) (640 0 64 ) (1216 0 64 ) (1216 -96 64 ) 
4 137 139 (640 0 64 ) (640 -96 64 ) (640 -96 72 ) (640 0 72 ) 
4 138 146 (1216 -792 64 ) (640 -792 64 ) (640 -288 64 ) (1216 -288 64 ) 
4 138 145 (640 -792 64 ) (1216 -792 64 ) (1216 -800 72 ) (640 -800 72 ) 
4 138 139 (640 -288 64 ) (640 -792 64 ) (640 -800 72 ) (640 -288 72 ) 
4 139 150 (0 -800 72 ) (0 0 72 ) (0 0 64 ) (0 -792 64 ) 
4 139 146 (640 -792 64 ) (0 -792 64 ) (0 0 64 ) (640 0 64 ) 
4 139 145 (0 -792 64 ) (640 -792 64 ) (640 -800 72 ) (0 -800 72 ) 
4 140 150 (0 -3072 72 ) (0 -864 72 ) (0 -872 64 ) (0 -3072 64 ) 
4 140 146 (4096 -872 64 ) (4096 -3072 64 ) (0 -3072 64 ) (0 -872 64 ) 
4 140 145 (1952 -872 64 ) (0 -872 64 ) (0 -864 72 ) (1952 -864 72 ) 
4 140 143 (2848 -872 64 ) (2272 -872 64 ) (2272 -864 72 ) (2848 -864 72 ) 
4 140 144 (2268 -872 64 ) (1956 -872 64 ) (1956 -864 72 ) (2268 -864 72 ) 
4 140 142 (3164 -872 64 ) (2852 -872 64 ) (2852 -864 72 ) (3164 -864 72 ) 
4 140 141 (4096 -872 64 ) (3168 -872 64 ) (3168 -864 72 ) (4096 -864 72 ) 
4 141 146 (4096 -792 64 ) (4096 -872 64 ) (3168 -872 64 ) (3168 -792 64 ) 
4 142 146 (3164 -872 64 ) (2852 -872 64 ) (2852 -792 64 ) (3164 -792 64 ) 
4 143 146 (2848 -872 64 ) (2272 -872 64 ) (2272 -792 64 ) (2848 -792 64 ) 
4 144 146 (2268 -872 64 ) (1956 -872 64 ) (1956 -792 64 ) (2268 -792 64 ) 
4 145 150 (0 -864 72 ) (0 -800 72 ) (0 -792 64 ) (0 -872 64 ) 
4 145 146 (1952 -872 64 ) (0 -872 64 ) (0 -792 64 ) (1952 -792 64 ) 
4 146 150 (0 -3072 64 ) (0 0 64 ) (0 0 -5120 ) (0 -3072 -5120 ) 
4 147 150 (0 0 -5120 ) (0 0 3072 ) (-4096 0 3072 ) (-4096 0 -5120 ) 
4 147 148 (-4096 0 -5120 ) (-4096 0 3072 ) (-4096 2048 3072 ) (-4096 2048 -5120 ) 
4 148 151 (-4096 0 -5120 ) (-4096 0 3072 ) (-5120 0 3072 ) (-5120 0 -5120 ) 
4 149 153 (-8192 0 -5120 ) (-8192 0 3072 ) (-8192 2048 3072 ) (-8192 2048 -5120 ) 
4 149 152 (-5632 0 3072 ) (-8192 0 3072 ) (-8192 0 -5120 ) (-5632 0 -5120 ) 
4 150 151 (-4096 -3072 -5120 ) (-4096 -3072 3072 ) (-4096 0 3072 ) (-4096 0 -5120 ) 
4 152 155 (-8192 -3072 -5120 ) (-8192 -3072 3072 ) (-8192 0 3072 ) (-8192 0 -5120 ) 
4 153 155 (-8192 0 -5120 ) (-8192 0 3072 ) (-12288 0 3072 ) (-12288 0 -5120 ) 
4 153 154 (-12288 0 -5120 ) (-12288 0 3072 ) (-12288 2048 3072 ) (-12288 2048 -5120 ) 
4 154 156 (-12288 0 -5120 ) (-12288 0 3072 ) (-16128 0 3072 ) (-16128 0 -5120 ) 
4 155 156 (-12288 0 3072 ) (-12288 0 -5120 ) (-12288 -3072 -5120 ) (-12288 -3072 3072 ) 
